Analysis & Synthesis report for ccc
Mon Jun 06 10:21:50 2022
Quartus II Version 9.1 Build 350 03/24/2010 Service Pack 2 SJ Web Edition


---------------------
; Table of Contents ;
---------------------
  1. Legal Notice
  2. Analysis & Synthesis Summary
  3. Analysis & Synthesis Settings
  4. Parallel Compilation
  5. Analysis & Synthesis Source Files Read
  6. Analysis & Synthesis Resource Usage Summary
  7. Analysis & Synthesis Resource Utilization by Entity
  8. Registers Removed During Synthesis
  9. General Register Statistics
 10. Inverted Register Statistics
 11. Multiplexer Restructuring Statistics (Restructuring Performed)
 12. Analysis & Synthesis Messages



----------------
; Legal Notice ;
----------------
Copyright (C) 1991-2010 Altera Corporation
Your use of Altera Corporation's design tools, logic functions 
and other software and tools, and its AMPP partner logic 
functions, and any output files from any of the foregoing 
(including device programming or simulation files), and any 
associated documentation or information are expressly subject 
to the terms and conditions of the Altera Program License 
Subscription Agreement, Altera MegaCore Function License 
Agreement, or other applicable license agreement, including, 
without limitation, that your use is for the sole purpose of 
programming logic devices manufactured by Altera and sold by 
Altera or its authorized distributors.  Please refer to the 
applicable agreement for further details.



+-----------------------------------------------------------------------------------+
; Analysis & Synthesis Summary                                                      ;
+------------------------------------+----------------------------------------------+
; Analysis & Synthesis Status        ; Successful - Mon Jun 06 10:21:48 2022        ;
; Quartus II Version                 ; 9.1 Build 350 03/24/2010 SP 2 SJ Web Edition ;
; Revision Name                      ; ccc                                          ;
; Top-level Entity Name              ; c                                            ;
; Family                             ; Cyclone IV E                                 ;
; Total logic elements               ; 899                                          ;
;     Total combinational functions  ; 894                                          ;
;     Dedicated logic registers      ; 405                                          ;
; Total registers                    ; 405                                          ;
; Total pins                         ; 31                                           ;
; Total virtual pins                 ; 0                                            ;
; Total memory bits                  ; 0                                            ;
; Embedded Multiplier 9-bit elements ; 0                                            ;
; Total PLLs                         ; 0                                            ;
+------------------------------------+----------------------------------------------+


+----------------------------------------------------------------------------------------------------------------------+
; Analysis & Synthesis Settings                                                                                        ;
+----------------------------------------------------------------------------+--------------------+--------------------+
; Option                                                                     ; Setting            ; Default Value      ;
+----------------------------------------------------------------------------+--------------------+--------------------+
; Device                                                                     ; EP4CE40F23C8       ;                    ;
; Top-level entity name                                                      ; c                  ; ccc                ;
; Family name                                                                ; Cyclone IV E       ; Stratix II         ;
; Use Generated Physical Constraints File                                    ; Off                ;                    ;
; Use smart compilation                                                      ; Off                ; Off                ;
; Enable parallel Assembler and TimeQuest Timing Analyzer during compilation ; On                 ; On                 ;
; Enable compact report table                                                ; Off                ; Off                ;
; Restructure Multiplexers                                                   ; Auto               ; Auto               ;
; Create Debugging Nodes for IP Cores                                        ; Off                ; Off                ;
; Preserve fewer node names                                                  ; On                 ; On                 ;
; Disable OpenCore Plus hardware evaluation                                  ; Off                ; Off                ;
; Verilog Version                                                            ; Verilog_2001       ; Verilog_2001       ;
; VHDL Version                                                               ; VHDL_1993          ; VHDL_1993          ;
; State Machine Processing                                                   ; Auto               ; Auto               ;
; Safe State Machine                                                         ; Off                ; Off                ;
; Extract Verilog State Machines                                             ; On                 ; On                 ;
; Extract VHDL State Machines                                                ; On                 ; On                 ;
; Ignore Verilog initial constructs                                          ; Off                ; Off                ;
; Iteration limit for constant Verilog loops                                 ; 5000               ; 5000               ;
; Iteration limit for non-constant Verilog loops                             ; 250                ; 250                ;
; Add Pass-Through Logic to Inferred RAMs                                    ; On                 ; On                 ;
; Parallel Synthesis                                                         ; On                 ; On                 ;
; DSP Block Balancing                                                        ; Auto               ; Auto               ;
; NOT Gate Push-Back                                                         ; On                 ; On                 ;
; Power-Up Don't Care                                                        ; On                 ; On                 ;
; Remove Redundant Logic Cells                                               ; Off                ; Off                ;
; Remove Duplicate Registers                                                 ; On                 ; On                 ;
; Ignore CARRY Buffers                                                       ; Off                ; Off                ;
; Ignore CASCADE Buffers                                                     ; Off                ; Off                ;
; Ignore GLOBAL Buffers                                                      ; Off                ; Off                ;
; Ignore ROW GLOBAL Buffers                                                  ; Off                ; Off                ;
; Ignore LCELL Buffers                                                       ; Off                ; Off                ;
; Ignore SOFT Buffers                                                        ; On                 ; On                 ;
; Limit AHDL Integers to 32 Bits                                             ; Off                ; Off                ;
; Optimization Technique                                                     ; Balanced           ; Balanced           ;
; Carry Chain Length                                                         ; 70                 ; 70                 ;
; Auto Carry Chains                                                          ; On                 ; On                 ;
; Auto Open-Drain Pins                                                       ; On                 ; On                 ;
; Perform WYSIWYG Primitive Resynthesis                                      ; Off                ; Off                ;
; Auto ROM Replacement                                                       ; On                 ; On                 ;
; Auto RAM Replacement                                                       ; On                 ; On                 ;
; Auto DSP Block Replacement                                                 ; On                 ; On                 ;
; Auto Shift Register Replacement                                            ; Auto               ; Auto               ;
; Auto Clock Enable Replacement                                              ; On                 ; On                 ;
; Strict RAM Replacement                                                     ; Off                ; Off                ;
; Allow Synchronous Control Signals                                          ; On                 ; On                 ;
; Force Use of Synchronous Clear Signals                                     ; Off                ; Off                ;
; Auto RAM Block Balancing                                                   ; On                 ; On                 ;
; Auto RAM to Logic Cell Conversion                                          ; Off                ; Off                ;
; Auto Resource Sharing                                                      ; Off                ; Off                ;
; Allow Any RAM Size For Recognition                                         ; Off                ; Off                ;
; Allow Any ROM Size For Recognition                                         ; Off                ; Off                ;
; Allow Any Shift Register Size For Recognition                              ; Off                ; Off                ;
; Use LogicLock Constraints during Resource Balancing                        ; On                 ; On                 ;
; Ignore translate_off and synthesis_off directives                          ; Off                ; Off                ;
; Timing-Driven Synthesis                                                    ; On                 ; On                 ;
; Show Parameter Settings Tables in Synthesis Report                         ; On                 ; On                 ;
; Ignore Maximum Fan-Out Assignments                                         ; Off                ; Off                ;
; Synchronization Register Chain Length                                      ; 2                  ; 2                  ;
; PowerPlay Power Optimization                                               ; Normal compilation ; Normal compilation ;
; HDL message level                                                          ; Level2             ; Level2             ;
; Suppress Register Optimization Related Messages                            ; Off                ; Off                ;
; Number of Removed Registers Reported in Synthesis Report                   ; 5000               ; 5000               ;
; Number of Inverted Registers Reported in Synthesis Report                  ; 100                ; 100                ;
; Clock MUX Protection                                                       ; On                 ; On                 ;
; Auto Gated Clock Conversion                                                ; Off                ; Off                ;
; Block Design Naming                                                        ; Auto               ; Auto               ;
; SDC constraint protection                                                  ; Off                ; Off                ;
; Synthesis Effort                                                           ; Auto               ; Auto               ;
; Shift Register Replacement - Allow Asynchronous Clear Signal               ; On                 ; On                 ;
; Analysis & Synthesis Message Level                                         ; Medium             ; Medium             ;
; Disable Register Merging Across Hierarchies                                ; Auto               ; Auto               ;
; Resource Aware Inference For Block RAM                                     ; On                 ; On                 ;
+----------------------------------------------------------------------------+--------------------+--------------------+


Parallel compilation was disabled, but you have multiple processors available. Enable parallel compilation to reduce compilation time.
+-------------------------------------+
; Parallel Compilation                ;
+----------------------------+--------+
; Processors                 ; Number ;
+----------------------------+--------+
; Number detected on machine ; 6      ;
; Maximum allowed            ; 1      ;
+----------------------------+--------+


+-----------------------------------------------------------------------------------------------------+
; Analysis & Synthesis Source Files Read                                                              ;
+----------------------------------+-----------------+-----------------+------------------------------+
; File Name with User-Entered Path ; Used in Netlist ; File Type       ; File Name with Absolute Path ;
+----------------------------------+-----------------+-----------------+------------------------------+
; ccc.vhd                          ; yes             ; User VHDL File  ; E:/ccc/ccc.vhd               ;
+----------------------------------+-----------------+-----------------+------------------------------+


+---------------------------------------------------------+
; Analysis & Synthesis Resource Usage Summary             ;
+---------------------------------------------+-----------+
; Resource                                    ; Usage     ;
+---------------------------------------------+-----------+
; Estimated Total logic elements              ; 899       ;
;                                             ;           ;
; Total combinational functions               ; 894       ;
; Logic element usage by number of LUT inputs ;           ;
;     -- 4 input functions                    ; 487       ;
;     -- 3 input functions                    ; 264       ;
;     -- <=2 input functions                  ; 143       ;
;                                             ;           ;
; Logic elements by mode                      ;           ;
;     -- normal mode                          ; 780       ;
;     -- arithmetic mode                      ; 114       ;
;                                             ;           ;
; Total registers                             ; 405       ;
;     -- Dedicated logic registers            ; 405       ;
;     -- I/O registers                        ; 0         ;
;                                             ;           ;
; I/O pins                                    ; 31        ;
; Maximum fan-out node                        ; clk~input ;
; Maximum fan-out                             ; 405       ;
; Total fan-out                               ; 4352      ;
; Average fan-out                             ; 3.20      ;
+---------------------------------------------+-----------+


+-----------------------------------------------------------------------------------------------------------------------------------------------------------------------------+
; Analysis & Synthesis Resource Utilization by Entity                                                                                                                         ;
+----------------------------+-------------------+--------------+-------------+--------------+---------+-----------+------+--------------+---------------------+--------------+
; Compilation Hierarchy Node ; LC Combinationals ; LC Registers ; Memory Bits ; DSP Elements ; DSP 9x9 ; DSP 18x18 ; Pins ; Virtual Pins ; Full Hierarchy Name ; Library Name ;
+----------------------------+-------------------+--------------+-------------+--------------+---------+-----------+------+--------------+---------------------+--------------+
; |c                         ; 894 (894)         ; 405 (405)    ; 0           ; 0            ; 0       ; 0         ; 31   ; 0            ; |c                  ; work         ;
+----------------------------+-------------------+--------------+-------------+--------------+---------+-----------+------+--------------+---------------------+--------------+
Note: For table entries with two numbers listed, the numbers in parentheses indicate the number of resources of the given type used by the specific entity alone. The numbers listed outside of parentheses indicate the total resources of the given type used by the specific entity and all of its sub-entities in the hierarchy.


+----------------------------------------------------------------------------------+
; Registers Removed During Synthesis                                               ;
+-----------------------------------------+----------------------------------------+
; Register name                           ; Reason for Removal                     ;
+-----------------------------------------+----------------------------------------+
; en                                      ; Merged with counter[0]                 ;
; c[0]                                    ; Merged with counter[0]                 ;
; bottom[8..9,12,16,19..20,27..29,31]     ; Merged with bottom[4]                  ;
; bottom[6..7,10..11,13..15,18,22..26,30] ; Merged with bottom[5]                  ;
; bottom[21]                              ; Merged with bottom[17]                 ;
; c[1]                                    ; Merged with counter[1]                 ;
; bottom[17]                              ; Merged with bottom[4]                  ;
; c[2]                                    ; Merged with counter[2]                 ;
; c[3]                                    ; Merged with counter[3]                 ;
; bottom[5]                               ; Merged with bottom[4]                  ;
; ledc1[0]                                ; Stuck at VCC due to stuck port data_in ;
; ledc16[0]                               ; Stuck at VCC due to stuck port data_in ;
; ledc1[1]                                ; Merged with ledc2[0]                   ;
; ledc16[1]                               ; Merged with ledc15[0]                  ;
; Total Number of Removed Registers = 36  ;                                        ;
+-----------------------------------------+----------------------------------------+


+------------------------------------------------------+
; General Register Statistics                          ;
+----------------------------------------------+-------+
; Statistic                                    ; Value ;
+----------------------------------------------+-------+
; Total registers                              ; 405   ;
; Number of registers using Synchronous Clear  ; 106   ;
; Number of registers using Synchronous Load   ; 11    ;
; Number of registers using Asynchronous Clear ; 0     ;
; Number of registers using Asynchronous Load  ; 0     ;
; Number of registers using Clock Enable       ; 338   ;
; Number of registers using Preset             ; 0     ;
+----------------------------------------------+-------+


+-----------------------------------------------------+
; Inverted Register Statistics                        ;
+-------------------------------------------+---------+
; Inverted Register                         ; Fan out ;
+-------------------------------------------+---------+
; ledc10[0]                                 ; 2       ;
; ledc6[0]                                  ; 2       ;
; ledc2[0]                                  ; 4       ;
; ledc14[0]                                 ; 2       ;
; ledc11[0]                                 ; 2       ;
; ledc3[0]                                  ; 2       ;
; ledc15[0]                                 ; 4       ;
; ledc5[0]                                  ; 2       ;
; ledc13[0]                                 ; 2       ;
; ledc4[0]                                  ; 2       ;
; ledc12[0]                                 ; 2       ;
; ledc8[0]                                  ; 2       ;
; ledc4[1]                                  ; 2       ;
; ledc2[1]                                  ; 2       ;
; ledc11[1]                                 ; 2       ;
; ledc13[1]                                 ; 2       ;
; ledc9[1]                                  ; 2       ;
; ledc15[1]                                 ; 2       ;
; ledc3[1]                                  ; 2       ;
; ledc5[1]                                  ; 2       ;
; ledc7[1]                                  ; 2       ;
; ledc12[1]                                 ; 2       ;
; ledc14[1]                                 ; 2       ;
; ledc4[2]                                  ; 2       ;
; ledc2[2]                                  ; 2       ;
; ledc12[2]                                 ; 2       ;
; ledc13[2]                                 ; 2       ;
; ledc7[2]                                  ; 2       ;
; ledc5[2]                                  ; 2       ;
; ledc15[2]                                 ; 2       ;
; ledc9[2]                                  ; 2       ;
; ledc3[2]                                  ; 2       ;
; ledc1[2]                                  ; 2       ;
; ledc11[2]                                 ; 2       ;
; ledc14[2]                                 ; 2       ;
; ledc8[2]                                  ; 2       ;
; ledc16[2]                                 ; 2       ;
; ledc6[3]                                  ; 2       ;
; ledc10[3]                                 ; 2       ;
; ledc2[3]                                  ; 2       ;
; ledc14[3]                                 ; 2       ;
; ledc11[3]                                 ; 2       ;
; ledc3[3]                                  ; 2       ;
; ledc15[3]                                 ; 2       ;
; ledc5[3]                                  ; 2       ;
; ledc1[3]                                  ; 2       ;
; ledc13[3]                                 ; 2       ;
; ledc8[3]                                  ; 2       ;
; ledc12[3]                                 ; 2       ;
; ledc4[3]                                  ; 2       ;
; ledc16[3]                                 ; 2       ;
; ledc4[4]                                  ; 2       ;
; ledc6[4]                                  ; 2       ;
; ledc2[4]                                  ; 2       ;
; ledc11[4]                                 ; 2       ;
; ledc13[4]                                 ; 2       ;
; ledc9[4]                                  ; 2       ;
; ledc15[4]                                 ; 2       ;
; ledc3[4]                                  ; 2       ;
; ledc5[4]                                  ; 2       ;
; ledc1[4]                                  ; 2       ;
; ledc7[4]                                  ; 2       ;
; ledc12[4]                                 ; 2       ;
; ledc14[4]                                 ; 2       ;
; ledc10[4]                                 ; 2       ;
; ledc16[4]                                 ; 2       ;
; ledc10[5]                                 ; 2       ;
; ledc4[5]                                  ; 2       ;
; ledc2[5]                                  ; 2       ;
; ledc12[5]                                 ; 2       ;
; ledc13[5]                                 ; 2       ;
; ledc7[5]                                  ; 2       ;
; ledc5[5]                                  ; 2       ;
; ledc15[5]                                 ; 2       ;
; ledc9[5]                                  ; 2       ;
; ledc3[5]                                  ; 2       ;
; ledc1[5]                                  ; 2       ;
; ledc11[5]                                 ; 2       ;
; ledc14[5]                                 ; 2       ;
; ledc8[5]                                  ; 2       ;
; ledc6[5]                                  ; 2       ;
; ledc16[5]                                 ; 2       ;
; ledc10[6]                                 ; 2       ;
; ledc13[6]                                 ; 2       ;
; ledc9[6]                                  ; 2       ;
; ledc14[6]                                 ; 2       ;
; ledc4[6]                                  ; 2       ;
; ledc7[6]                                  ; 2       ;
; ledc3[6]                                  ; 2       ;
; ledc8[6]                                  ; 2       ;
; ledc2[6]                                  ; 2       ;
; ledc5[6]                                  ; 2       ;
; ledc1[6]                                  ; 2       ;
; ledc6[6]                                  ; 2       ;
; ledc12[6]                                 ; 2       ;
; ledc15[6]                                 ; 2       ;
; ledc11[6]                                 ; 2       ;
; ledc16[6]                                 ; 2       ;
; ledc4[7]                                  ; 2       ;
; ledc10[7]                                 ; 2       ;
; Total number of inverted registers = 242* ;         ;
+-------------------------------------------+---------+
* Table truncated at 100 items. To change the number of inverted registers reported, set the "Number of Inverted Registers Reported" option under Assignments->Settings->Analysis and Synthesis Settings->More Settings


+------------------------------------------------------------------------------------------------------------------------------------------+
; Multiplexer Restructuring Statistics (Restructuring Performed)                                                                           ;
+--------------------+-----------+---------------+----------------------+------------------------+------------+----------------------------+
; Multiplexer Inputs ; Bus Width ; Baseline Area ; Area if Restructured ; Saving if Restructured ; Registered ; Example Multiplexer Output ;
+--------------------+-----------+---------------+----------------------+------------------------+------------+----------------------------+
; 3:1                ; 32 bits   ; 64 LEs        ; 32 LEs               ; 32 LEs                 ; Yes        ; |c|heart[16]               ;
; 4:1                ; 32 bits   ; 64 LEs        ; 32 LEs               ; 32 LEs                 ; Yes        ; |c|point_one[16]           ;
; 16:1               ; 16 bits   ; 160 LEs       ; 160 LEs              ; 0 LEs                  ; Yes        ; |c|row[9]~reg0             ;
; 5:1                ; 32 bits   ; 96 LEs        ; 32 LEs               ; 64 LEs                 ; Yes        ; |c|point_ten[3]            ;
; 5:1                ; 2 bits    ; 6 LEs         ; 4 LEs                ; 2 LEs                  ; Yes        ; |c|ledc6[2]                ;
; 5:1                ; 2 bits    ; 6 LEs         ; 4 LEs                ; 2 LEs                  ; Yes        ; |c|ledc8[4]                ;
; 5:1                ; 2 bits    ; 6 LEs         ; 4 LEs                ; 2 LEs                  ; Yes        ; |c|ledc10[2]               ;
; 5:1                ; 12 bits   ; 36 LEs        ; 12 LEs               ; 24 LEs                 ; Yes        ; |c|ledc1[3]                ;
; 5:1                ; 2 bits    ; 6 LEs         ; 4 LEs                ; 2 LEs                  ; Yes        ; |c|ledc1[2]                ;
; 5:1                ; 11 bits   ; 33 LEs        ; 11 LEs               ; 22 LEs                 ; Yes        ; |c|ledc2[4]                ;
; 5:1                ; 3 bits    ; 9 LEs         ; 6 LEs                ; 3 LEs                  ; Yes        ; |c|ledc2[1]                ;
; 5:1                ; 10 bits   ; 30 LEs        ; 10 LEs               ; 20 LEs                 ; Yes        ; |c|ledc3[12]               ;
; 5:1                ; 4 bits    ; 12 LEs        ; 8 LEs                ; 4 LEs                  ; Yes        ; |c|ledc3[1]                ;
; 5:1                ; 10 bits   ; 30 LEs        ; 10 LEs               ; 20 LEs                 ; Yes        ; |c|ledc4[9]                ;
; 5:1                ; 4 bits    ; 12 LEs        ; 8 LEs                ; 4 LEs                  ; Yes        ; |c|ledc4[1]                ;
; 5:1                ; 10 bits   ; 30 LEs        ; 10 LEs               ; 20 LEs                 ; Yes        ; |c|ledc5[12]               ;
; 5:1                ; 4 bits    ; 12 LEs        ; 8 LEs                ; 4 LEs                  ; Yes        ; |c|ledc5[3]                ;
; 5:1                ; 10 bits   ; 30 LEs        ; 10 LEs               ; 20 LEs                 ; Yes        ; |c|ledc6[10]               ;
; 5:1                ; 2 bits    ; 6 LEs         ; 4 LEs                ; 2 LEs                  ; Yes        ; |c|ledc6[4]                ;
; 5:1                ; 10 bits   ; 30 LEs        ; 10 LEs               ; 20 LEs                 ; Yes        ; |c|ledc7[10]               ;
; 5:1                ; 3 bits    ; 9 LEs         ; 6 LEs                ; 3 LEs                  ; Yes        ; |c|ledc7[2]                ;
; 5:1                ; 10 bits   ; 30 LEs        ; 10 LEs               ; 20 LEs                 ; Yes        ; |c|ledc8[11]               ;
; 5:1                ; 2 bits    ; 6 LEs         ; 4 LEs                ; 2 LEs                  ; Yes        ; |c|ledc8[3]                ;
; 5:1                ; 10 bits   ; 30 LEs        ; 10 LEs               ; 20 LEs                 ; Yes        ; |c|ledc9[6]                ;
; 5:1                ; 3 bits    ; 9 LEs         ; 6 LEs                ; 3 LEs                  ; Yes        ; |c|ledc9[2]                ;
; 5:1                ; 10 bits   ; 30 LEs        ; 10 LEs               ; 20 LEs                 ; Yes        ; |c|ledc10[9]               ;
; 5:1                ; 2 bits    ; 6 LEs         ; 4 LEs                ; 2 LEs                  ; Yes        ; |c|ledc10[4]               ;
; 5:1                ; 10 bits   ; 30 LEs        ; 10 LEs               ; 20 LEs                 ; Yes        ; |c|ledc11[8]               ;
; 5:1                ; 4 bits    ; 12 LEs        ; 8 LEs                ; 4 LEs                  ; Yes        ; |c|ledc11[1]               ;
; 5:1                ; 10 bits   ; 30 LEs        ; 10 LEs               ; 20 LEs                 ; Yes        ; |c|ledc12[10]              ;
; 5:1                ; 4 bits    ; 12 LEs        ; 8 LEs                ; 4 LEs                  ; Yes        ; |c|ledc12[2]               ;
; 5:1                ; 10 bits   ; 30 LEs        ; 10 LEs               ; 20 LEs                 ; Yes        ; |c|ledc13[13]              ;
; 5:1                ; 4 bits    ; 12 LEs        ; 8 LEs                ; 4 LEs                  ; Yes        ; |c|ledc13[1]               ;
; 5:1                ; 12 bits   ; 36 LEs        ; 12 LEs               ; 24 LEs                 ; Yes        ; |c|ledc16[9]               ;
; 5:1                ; 2 bits    ; 6 LEs         ; 4 LEs                ; 2 LEs                  ; Yes        ; |c|ledc16[2]               ;
; 5:1                ; 10 bits   ; 30 LEs        ; 10 LEs               ; 20 LEs                 ; Yes        ; |c|ledc14[12]              ;
; 5:1                ; 4 bits    ; 12 LEs        ; 8 LEs                ; 4 LEs                  ; Yes        ; |c|ledc14[2]               ;
; 5:1                ; 11 bits   ; 33 LEs        ; 11 LEs               ; 22 LEs                 ; Yes        ; |c|ledc15[7]               ;
; 5:1                ; 3 bits    ; 9 LEs         ; 6 LEs                ; 3 LEs                  ; Yes        ; |c|ledc15[3]               ;
; 72:1               ; 3 bits    ; 144 LEs       ; 72 LEs               ; 72 LEs                 ; Yes        ; |c|bottom[1]               ;
+--------------------+-----------+---------------+----------------------+------------------------+------------+----------------------------+


+-------------------------------+
; Analysis & Synthesis Messages ;
+-------------------------------+
Info: *******************************************************************
Info: Running Quartus II Analysis & Synthesis
    Info: Version 9.1 Build 350 03/24/2010 Service Pack 2 SJ Web Edition
    Info: Processing started: Mon Jun 06 10:21:27 2022
Info: Command: quartus_map --read_settings_files=on --write_settings_files=off ccc -c ccc
Info: Found 2 design units, including 1 entities, in source file ccc.vhd
    Info: Found design unit 1: c-a
    Info: Found entity 1: c
Info: Elaborating entity "c" for the top level hierarchy
Info: Timing-Driven Synthesis is running
Info: Implemented 933 device resources after synthesis - the final resource count might be different
    Info: Implemented 3 input pins
    Info: Implemented 28 output pins
    Info: Implemented 902 logic cells
Info: Quartus II Analysis & Synthesis was successful. 0 errors, 0 warnings
    Info: Peak virtual memory: 255 megabytes
    Info: Processing ended: Mon Jun 06 10:21:53 2022
    Info: Elapsed time: 00:00:26
    Info: Total CPU time (on all processors): 00:00:06


