Flow report for ccc
Mon Jun 06 10:23:12 2022
Quartus II Version 9.1 Build 350 03/24/2010 Service Pack 2 SJ Web Edition


---------------------
; Table of Contents ;
---------------------
  1. Legal Notice
  2. Flow Summary
  3. Flow Settings
  4. Flow Non-Default Global Settings
  5. Flow Elapsed Time
  6. Flow OS Summary
  7. Flow Log



----------------
; Legal Notice ;
----------------
Copyright (C) 1991-2010 Altera Corporation
Your use of Altera Corporation's design tools, logic functions 
and other software and tools, and its AMPP partner logic 
functions, and any output files from any of the foregoing 
(including device programming or simulation files), and any 
associated documentation or information are expressly subject 
to the terms and conditions of the Altera Program License 
Subscription Agreement, Altera MegaCore Function License 
Agreement, or other applicable license agreement, including, 
without limitation, that your use is for the sole purpose of 
programming logic devices manufactured by Altera and sold by 
Altera or its authorized distributors.  Please refer to the 
applicable agreement for further details.



+-----------------------------------------------------------------------------------+
; Flow Summary                                                                      ;
+------------------------------------+----------------------------------------------+
; Flow Status                        ; Successful - Mon Jun 06 10:22:50 2022        ;
; Quartus II Version                 ; 9.1 Build 350 03/24/2010 SP 2 SJ Web Edition ;
; Revision Name                      ; ccc                                          ;
; Top-level Entity Name              ; c                                            ;
; Family                             ; Cyclone IV E                                 ;
; Device                             ; EP4CE40F23C8                                 ;
; Timing Models                      ; Preliminary                                  ;
; Met timing requirements            ; N/A                                          ;
; Total logic elements               ; 905 / 39,600 ( 2 % )                         ;
;     Total combinational functions  ; 894 / 39,600 ( 2 % )                         ;
;     Dedicated logic registers      ; 405 / 39,600 ( 1 % )                         ;
; Total registers                    ; 405                                          ;
; Total pins                         ; 31 / 329 ( 9 % )                             ;
; Total virtual pins                 ; 0                                            ;
; Total memory bits                  ; 0 / 1,161,216 ( 0 % )                        ;
; Embedded Multiplier 9-bit elements ; 0 / 232 ( 0 % )                              ;
; Total PLLs                         ; 0 / 4 ( 0 % )                                ;
+------------------------------------+----------------------------------------------+


+-----------------------------------------+
; Flow Settings                           ;
+-------------------+---------------------+
; Option            ; Setting             ;
+-------------------+---------------------+
; Start date & time ; 06/06/2022 10:21:29 ;
; Main task         ; Compilation         ;
; Revision Name     ; ccc                 ;
+-------------------+---------------------+


+-------------------------------------------------------------------------------------------------------------------+
; Flow Non-Default Global Settings                                                                                  ;
+------------------------------------+-------------------------------+---------------+-------------+----------------+
; Assignment Name                    ; Value                         ; Default Value ; Entity Name ; Section Id     ;
+------------------------------------+-------------------------------+---------------+-------------+----------------+
; COMPILER_SIGNATURE_ID              ; 5025764007816.165448208801736 ; --            ; --          ; --             ;
; MAX_CORE_JUNCTION_TEMP             ; 85                            ; --            ; --          ; --             ;
; MIN_CORE_JUNCTION_TEMP             ; 0                             ; --            ; --          ; --             ;
; MISC_FILE                          ; C:/altera/ccc/ccc.dpf         ; --            ; --          ; --             ;
; MISC_FILE                          ; C:/ccc/ccc.dpf                ; --            ; --          ; --             ;
; MISC_FILE                          ; E:/ccc/ccc.dpf                ; --            ; --          ; --             ;
; NOMINAL_CORE_SUPPLY_VOLTAGE        ; 1.2V                          ; --            ; --          ; --             ;
; PARTITION_COLOR                    ; 16764057                      ; --            ; c           ; Top            ;
; PARTITION_NETLIST_TYPE             ; SOURCE                        ; --            ; c           ; Top            ;
; TOP_LEVEL_ENTITY                   ; c                             ; ccc           ; --          ; --             ;
; USE_GENERATED_PHYSICAL_CONSTRAINTS ; Off                           ; --            ; --          ; eda_blast_fpga ;
+------------------------------------+-------------------------------+---------------+-------------+----------------+


+-------------------------------------------------------------------------------------------------------------------------------+
; Flow Elapsed Time                                                                                                             ;
+---------------------------+--------------+-------------------------+---------------------+------------------------------------+
; Module Name               ; Elapsed Time ; Average Processors Used ; Peak Virtual Memory ; Total CPU Time (on all processors) ;
+---------------------------+--------------+-------------------------+---------------------+------------------------------------+
; Analysis & Synthesis      ; 00:00:13     ; 1.0                     ; 255 MB              ; 00:00:05                           ;
; Fitter                    ; 00:00:11     ; 1.0                     ; 315 MB              ; 00:00:06                           ;
; TimeQuest Timing Analyzer ; 00:00:37     ; 1.0                     ; 272 MB              ; 00:00:04                           ;
; Assembler                 ; 00:00:15     ; 1.0                     ; 282 MB              ; 00:00:02                           ;
; Total                     ; 00:01:01     ; --                      ; --                  ; 00:00:15                           ;
+---------------------------+--------------+-------------------------+---------------------+------------------------------------+


+--------------------------------------------------------------------------------------------+
; Flow OS Summary                                                                            ;
+---------------------------+------------------+---------------+------------+----------------+
; Module Name               ; Machine Hostname ; OS Name       ; OS Version ; Processor type ;
+---------------------------+------------------+---------------+------------+----------------+
; Analysis & Synthesis      ; DESKTOP-U2GJV50  ; Windows Vista ; 6.2        ; x86_64         ;
; Fitter                    ; DESKTOP-U2GJV50  ; Windows Vista ; 6.2        ; x86_64         ;
; Assembler                 ; DESKTOP-U2GJV50  ; Windows Vista ; 6.2        ; x86_64         ;
; TimeQuest Timing Analyzer ; DESKTOP-U2GJV50  ; Windows Vista ; 6.2        ; x86_64         ;
+---------------------------+------------------+---------------+------------+----------------+


------------
; Flow Log ;
------------
quartus_map --read_settings_files=on --write_settings_files=off ccc -c ccc
quartus_fit --read_settings_files=off --write_settings_files=off ccc -c ccc
quartus_asm --read_settings_files=off --write_settings_files=off ccc -c ccc
quartus_sta ccc -c ccc



